<?xml version="1.0" encoding="UTF-8"?>
<!-- Generated by org.testng.reporters.JUnitXMLReporter -->
<testsuite hostname="LAPTOP-4787RIJ8" ignored="0" name="Default test" tests="8" failures="0" timestamp="2020-01-06T13:23:29 IST" time="118.931" errors="0">
  <testcase name="homePage" time="62.97" classname="Test.AmazonPageTest"/>
  <testcase name="navigate_to_amazonPage" time="0.48" classname="Test.AmazonPageTest"/>
  <testcase name="enteringValueInSearch" time="8.975" classname="Test.AmazonPageTest"/>
  <testcase name="getting_the_price_of_the_phone" time="0.599" classname="Test.AmazonPageTest"/>
  <testcase name="navigate_to_flipkartPage" time="27.988" classname="Test.FlipkartPageTest"/>
  <testcase name="enterValueInSearchBox" time="2.736" classname="Test.FlipkartPageTest"/>
  <testcase name="phone_price" time="0.243" classname="Test.FlipkartPageTest"/>
  <testcase name="priceComparison" time="0.13" classname="Test.PriceComparisonTest"/>
</testsuite> <!-- Default test -->
